\BOOKMARK [0][-]{section*.1}{Indholdsfortegnelse}{}% 1
\BOOKMARK [0][-]{chapter.1}{Versionshistorik}{}% 2
\BOOKMARK [0][-]{chapter.2}{Indledning}{}% 3
\BOOKMARK [0][-]{chapter.3}{Systembeskrivelse}{}% 4
\BOOKMARK [0][-]{chapter.4}{Akt\370rer}{}% 5
\BOOKMARK [1][-]{section.4.1}{Akt\370rbeskrivelse}{chapter.4}% 6
\BOOKMARK [2][-]{subsection.4.1.1}{Akt\370r-kontekst diagram}{section.4.1}% 7
\BOOKMARK [0][-]{chapter.5}{Funktionelle krav}{}% 8
\BOOKMARK [1][-]{section.5.1}{Use Case Diagram}{chapter.5}% 9
\BOOKMARK [1][-]{section.5.2}{Fully-dressed Use Cases}{chapter.5}% 10
\BOOKMARK [2][-]{subsection.5.2.1}{Use Case 1}{section.5.2}% 11
\BOOKMARK [2][-]{subsection.5.2.2}{Use Case 2}{section.5.2}% 12
\BOOKMARK [2][-]{subsection.5.2.3}{Use Case 3}{section.5.2}% 13
\BOOKMARK [2][-]{subsection.5.2.4}{Use Case 4}{section.5.2}% 14
\BOOKMARK [0][-]{chapter.6}{Ikke-funktionelle krav}{}% 15
\BOOKMARK [1][-]{section.6.1}{Usability}{chapter.6}% 16
\BOOKMARK [1][-]{section.6.2}{Performance}{chapter.6}% 17
\BOOKMARK [1][-]{section.6.3}{Supportability}{chapter.6}% 18
\BOOKMARK [1][-]{section.6.4}{Ekstra\(+\)}{chapter.6}% 19
\BOOKMARK [0][-]{chapter.7}{Krav til specifikt bev\346gelsesm\370nster}{}% 20
\BOOKMARK [0][-]{chapter.8}{Brugergr\346nseflade}{}% 21
\BOOKMARK [1][-]{section.8.1}{Menuer}{chapter.8}% 22
\BOOKMARK [1][-]{section.8.2}{Knapper}{chapter.8}% 23
\BOOKMARK [1][-]{section.8.3}{Track bars}{chapter.8}% 24
\BOOKMARK [1][-]{section.8.4}{Skitser}{chapter.8}% 25
\BOOKMARK [0][-]{chapter*.11}{Bilag}{}% 26
\BOOKMARK [0][-]{section*.13}{Litteratur}{}% 27
