\BOOKMARK [0][-]{chapter*.1}{Forkortelser}{}% 1
\BOOKMARK [0][-]{section*.3}{Indholdsfortegnelse}{}% 2
\BOOKMARK [0][-]{chapter*.4}{Forord}{}% 3
\BOOKMARK [0][-]{chapter.1}{Indledning}{}% 4
\BOOKMARK [0][-]{chapter.2}{Projektgennemf\370relse}{}% 5
\BOOKMARK [1][-]{section.2.1}{Gruppedannelse}{chapter.2}% 6
\BOOKMARK [1][-]{section.2.2}{Samarbejdsaftale}{chapter.2}% 7
\BOOKMARK [1][-]{section.2.3}{Arbejdsfordeling}{chapter.2}% 8
\BOOKMARK [1][-]{section.2.4}{Risikoh\345ndtering af projektarbejdet}{chapter.2}% 9
\BOOKMARK [1][-]{section.2.5}{Planl\346gning}{chapter.2}% 10
\BOOKMARK [1][-]{section.2.6}{Projektledelse}{chapter.2}% 11
\BOOKMARK [1][-]{section.2.7}{Projektadministration}{chapter.2}% 12
\BOOKMARK [1][-]{section.2.8}{Udviklingsforl\370b af koden}{chapter.2}% 13
\BOOKMARK [1][-]{section.2.9}{Udviklingsforl\370b}{chapter.2}% 14
\BOOKMARK [2][-]{subsection.2.9.1}{Evaluering af de enkelte sprints}{section.2.9}% 15
\BOOKMARK [1][-]{section.2.10}{M\370der}{chapter.2}% 16
\BOOKMARK [1][-]{section.2.11}{Konflikth\345ndtering}{chapter.2}% 17
\BOOKMARK [1][-]{section.2.12}{Opn\345ede erfaringer}{chapter.2}% 18
\BOOKMARK [2][-]{subsection.2.12.1}{Charlotte}{section.2.12}% 19
\BOOKMARK [2][-]{subsection.2.12.2}{Marie}{section.2.12}% 20
\BOOKMARK [2][-]{subsection.2.12.3}{Mathias}{section.2.12}% 21
\BOOKMARK [1][-]{section.2.13}{Fremtidig arbejdsproces}{chapter.2}% 22
\BOOKMARK [0][-]{chapter.3}{Konklusion}{}% 23
\BOOKMARK [0][-]{chapter*.9}{Bilag}{}% 24
