\BOOKMARK [0][-]{section*.1}{Indholdsfortegnelse}{}% 1
\BOOKMARK [0][-]{chapter.1}{Versionshistorik}{}% 2
\BOOKMARK [0][-]{chapter.2}{Indledning}{}% 3
\BOOKMARK [0][-]{chapter.3}{Systemarkitektur}{}% 4
\BOOKMARK [1][-]{section.3.1}{Systemoversigt}{chapter.3}% 5
\BOOKMARK [2][-]{subsection.3.1.1}{Dom\346nemodel}{section.3.1}% 6
\BOOKMARK [2][-]{subsection.3.1.2}{Block Definition Diagram}{section.3.1}% 7
\BOOKMARK [2][-]{subsection.3.1.3}{Internal Block Diagram}{section.3.1}% 8
\BOOKMARK [1][-]{section.3.2}{Systemets gr\346nseflader}{chapter.3}% 9
\BOOKMARK [2][-]{subsection.3.2.1}{UR10}{section.3.2}% 10
\BOOKMARK [2][-]{subsection.3.2.2}{Kinect}{section.3.2}% 11
\BOOKMARK [1][-]{section.3.3}{Softwarearkitektur}{chapter.3}% 12
\BOOKMARK [2][-]{subsection.3.3.1}{Pakkediagram}{section.3.3}% 13
\BOOKMARK [0][-]{chapter.4}{Systemdesign}{}% 14
\BOOKMARK [1][-]{section.4.1}{Klassediagram}{chapter.4}% 15
\BOOKMARK [2][-]{subsection.4.1.1}{GUI}{section.4.1}% 16
\BOOKMARK [2][-]{subsection.4.1.2}{ComputerVisionLibrary}{section.4.1}% 17
\BOOKMARK [2][-]{subsection.4.1.3}{CalculationLibrary}{section.4.1}% 18
\BOOKMARK [2][-]{subsection.4.1.4}{RoboLibrary}{section.4.1}% 19
\BOOKMARK [1][-]{section.4.2}{Sekvensdiagrammer}{chapter.4}% 20
\BOOKMARK [2][-]{subsection.4.2.1}{Read Robot Data}{section.4.2}% 21
\BOOKMARK [2][-]{subsection.4.2.2}{3D scan}{section.4.2}% 22
\BOOKMARK [2][-]{subsection.4.2.3}{Feed Path}{section.4.2}% 23
\BOOKMARK [2][-]{subsection.4.2.4}{Pathcreation}{section.4.2}% 24
\BOOKMARK [1][-]{section.4.3}{Tilstandsdiagram}{chapter.4}% 25
\BOOKMARK [0][-]{chapter.5}{Udviklingsmilj\370}{}% 26
\BOOKMARK [0][-]{chapter.6}{Test}{}% 27
\BOOKMARK [1][-]{section.6.1}{Test-specificering}{chapter.6}% 28
\BOOKMARK [2][-]{subsection.6.1.1}{Testklasse-opbygning}{section.6.1}% 29
\BOOKMARK [1][-]{section.6.2}{Resultater}{chapter.6}% 30
\BOOKMARK [0][-]{chapter*.24}{Bilag}{}% 31
\BOOKMARK [0][-]{section*.26}{Litteratur}{}% 32
