\BOOKMARK [0][-]{chapter*.1}{Forkortelser}{}% 1
\BOOKMARK [0][-]{chapter.1}{Kravspecifikation}{}% 2
\BOOKMARK [1][-]{section.1.1}{Ikke-funktionelle krav}{chapter.1}% 3
\BOOKMARK [2][-]{subsection.1.1.1}{Usability}{section.1.1}% 4
\BOOKMARK [2][-]{subsection.1.1.2}{Reliability}{section.1.1}% 5
\BOOKMARK [2][-]{subsection.1.1.3}{Performance}{section.1.1}% 6
\BOOKMARK [2][-]{subsection.1.1.4}{Supportability}{section.1.1}% 7
\BOOKMARK [2][-]{subsection.1.1.5}{Andre \(+\)}{section.1.1}% 8
\BOOKMARK [1][-]{section.1.2}{Funktionelle krav}{chapter.1}% 9
\BOOKMARK [2][-]{subsection.1.2.1}{Akt\370r-kontekstdiagram}{section.1.2}% 10
\BOOKMARK [2][-]{subsection.1.2.2}{Akt\370rbeskrivelse}{section.1.2}% 11
\BOOKMARK [2][-]{subsection.1.2.3}{Use case-diagram}{section.1.2}% 12
\BOOKMARK [2][-]{subsection.1.2.4}{Fully dressed use cases}{section.1.2}% 13
\BOOKMARK [0][-]{chapter.2}{Design}{}% 14
\BOOKMARK [1][-]{section.2.1}{Systemet}{chapter.2}% 15
\BOOKMARK [1][-]{section.2.2}{Hardware}{chapter.2}% 16
\BOOKMARK [1][-]{section.2.3}{Software}{chapter.2}% 17
\BOOKMARK [0][-]{chapter.3}{Implementering}{}% 18
\BOOKMARK [1][-]{section.3.1}{Systemet}{chapter.3}% 19
\BOOKMARK [1][-]{section.3.2}{Hardware}{chapter.3}% 20
\BOOKMARK [2][-]{subsection.3.2.1}{Blok Xxxx}{section.3.2}% 21
\BOOKMARK [1][-]{section.3.3}{Software}{chapter.3}% 22
\BOOKMARK [2][-]{subsection.3.3.1}{Blok Xxxx}{section.3.3}% 23
\BOOKMARK [0][-]{chapter.4}{Accepttest}{}% 24
\BOOKMARK [1][-]{section.4.1}{Fors\370gsopstilling}{chapter.4}% 25
\BOOKMARK [1][-]{section.4.2}{Ikke-funktionelle krav}{chapter.4}% 26
\BOOKMARK [2][-]{subsection.4.2.1}{Usability}{section.4.2}% 27
\BOOKMARK [2][-]{subsection.4.2.2}{Reliability}{section.4.2}% 28
\BOOKMARK [2][-]{subsection.4.2.3}{Performance}{section.4.2}% 29
\BOOKMARK [2][-]{subsection.4.2.4}{Supportability}{section.4.2}% 30
\BOOKMARK [2][-]{subsection.4.2.5}{Andre \(+\)}{section.4.2}% 31
\BOOKMARK [1][-]{section.4.3}{Funktionelle krav}{chapter.4}% 32
\BOOKMARK [2][-]{subsection.4.3.1}{UC1: T\346nd apparat}{section.4.3}% 33
\BOOKMARK [2][-]{subsection.4.3.2}{UC2: Foretag m\345ling}{section.4.3}% 34
\BOOKMARK [2][-]{subsection.4.3.3}{UC3: Tilf\370j patient}{section.4.3}% 35
\BOOKMARK [2][-]{subsection.4.3.4}{UC4: Alarmer operat\370r}{section.4.3}% 36
\BOOKMARK [2][-]{subsection.4.3.5}{UC5: Skift alarmeringsgr\346nser}{section.4.3}% 37
\BOOKMARK [2][-]{subsection.4.3.6}{UC6: Nulstil data}{section.4.3}% 38
\BOOKMARK [2][-]{subsection.4.3.7}{UC7: Sluk apparat}{section.4.3}% 39
\BOOKMARK [0][-]{chapter*.6}{Bilag}{}% 40
\BOOKMARK [1][-]{section*.7}{Bilag 1: Samarbejdsaftale}{chapter*.6}% 41
\BOOKMARK [1][-]{section*.8}{Bilag 2: Tidsplan}{chapter*.6}% 42
\BOOKMARK [1][-]{section*.10}{Bilag 3: Hardware versioner}{chapter*.6}% 43
\BOOKMARK [1][-]{section*.11}{Bilag 4: Software versioner}{chapter*.6}% 44
\BOOKMARK [1][-]{section*.12}{Bilag 5: Logbog}{chapter*.6}% 45
\BOOKMARK [1][-]{section*.13}{Bilag 6: M\370dereferater}{chapter*.6}% 46
